<?xml version="1.0" encoding="UTF-8"?>
<!-- Generated by org.testng.reporters.JUnitReportReporter -->
<testsuite hostname="DESKTOP-1AMUFBN" failures="0" tests="1" name="selenium.Test_01" time="7.001" errors="0" timestamp="2022-07-23T22:12:58 ICT" skipped="0">
  <testcase classname="selenium.Test_01" name="Test_01_Basic" time="7.001"/>
  <system-out/>
</testsuite> <!-- selenium.Test_01 -->
